<?xml version="1.0" encoding="UTF-8"?>
<!-- Generated by org.testng.reporters.JUnitReportReporter -->
<testsuite skipped="0" hostname="DESKTOP-O2DK7QJ" name="com.triviagame.TestCases.SanityOfGamePlay" tests="2" failures="0" timestamp="14 Aug 2019 17:46:55 GMT" time="27.642" errors="0">
  <testcase name="FirefoxGameSanity" time="13.033" classname="com.triviagame.TestCases.SanityOfGamePlay"/>
  <testcase name="ChromeGameSanity" time="14.609" classname="com.triviagame.TestCases.SanityOfGamePlay"/>
</testsuite> <!-- com.triviagame.TestCases.SanityOfGamePlay -->
