<?xml version="1.0" encoding="UTF-8"?>
<!-- Generated by org.testng.reporters.JUnitReportReporter -->
<testsuite skipped="0" hostname="DESKTOP-O2DK7QJ" name="com.triviagame.TestCases.BoundryValuesTest" tests="1" failures="0" timestamp="16 Aug 2019 18:59:24 GMT" time="14.190" errors="0">
  <testcase name="FqFirstQuestionGameBvMult5" time="14.190" classname="com.triviagame.TestCases.BoundryValuesTest"/>
</testsuite> <!-- com.triviagame.TestCases.BoundryValuesTest -->
