<?xml version="1.0" encoding="UTF-8"?>
<!-- Generated by org.testng.reporters.JUnitReportReporter -->
<testsuite skipped="0" hostname="DESKTOP-O2DK7QJ" name="com.triviagame.TestCases.BoundryValuesTest" tests="11" failures="0" timestamp="15 Aug 2019 11:38:22 GMT" time="147.296" errors="0">
  <testcase name="SqThirdAnswerGameBvMult5" time="13.205" classname="com.triviagame.TestCases.BoundryValuesTest"/>
  <testcase name="FqFirstAnswerGameBvMult5" time="12.704" classname="com.triviagame.TestCases.BoundryValuesTest"/>
  <testcase name="SqFirstAnswerGameBvMult5" time="14.840" classname="com.triviagame.TestCases.BoundryValuesTest"/>
  <testcase name="FqFirstQuestionGameBvMult5" time="12.888" classname="com.triviagame.TestCases.BoundryValuesTest"/>
  <testcase name="ThirdQuestionGameBvMult5" time="13.639" classname="com.triviagame.TestCases.BoundryValuesTest"/>
  <testcase name="SqForthAnswerGameBvMult5" time="13.576" classname="com.triviagame.TestCases.BoundryValuesTest"/>
  <testcase name="SqSecondAnswerGameBvMult5" time="13.501" classname="com.triviagame.TestCases.BoundryValuesTest"/>
  <testcase name="SqSecondQuestionGameBvMult5" time="13.309" classname="com.triviagame.TestCases.BoundryValuesTest"/>
  <testcase name="FqThirdAnswerGameBvMult5" time="13.516" classname="com.triviagame.TestCases.BoundryValuesTest"/>
  <testcase name="FqSecondAnswerGameBvMult5" time="12.901" classname="com.triviagame.TestCases.BoundryValuesTest"/>
  <testcase name="FqForthAnswerGameBvMult5" time="13.217" classname="com.triviagame.TestCases.BoundryValuesTest"/>
</testsuite> <!-- com.triviagame.TestCases.BoundryValuesTest -->
