<?xml version="1.0" encoding="UTF-8"?>
<!-- Generated by org.testng.reporters.JUnitReportReporter -->
<testsuite skipped="0" hostname="DESKTOP-O2DK7QJ" name="com.triviagame.TestCases.SanityOfGamePlay" tests="2" failures="0" timestamp="17 Aug 2019 08:24:52 GMT" time="28.234" errors="0">
  <testcase name="FirefoxGameSanity" time="12.702" classname="com.triviagame.TestCases.SanityOfGamePlay"/>
  <testcase name="ChromeGameSanity" time="15.532" classname="com.triviagame.TestCases.SanityOfGamePlay"/>
</testsuite> <!-- com.triviagame.TestCases.SanityOfGamePlay -->
